<?xml version="1.0" encoding="UTF-8"?>
<!-- Generated by org.testng.reporters.JUnitXMLReporter -->
<testsuite hostname="DESKTOP-B96ST24" ignored="36" name="Admin Alert Test" tests="4" failures="3" timestamp="14 Apr 2022 09:32:32 GMT" time="370.187" errors="0">
  <testcase name="testActivityLessthanXhoursCriticalAlertCreated" time="59.68" classname="tests.AdminAlertTest">
    <failure type="org.openqa.selenium.NoSuchElementException" message="no such element: Unable to locate element: {&amp;quot;method&amp;quot;:&amp;quot;xpath&amp;quot;,&amp;quot;selector&amp;quot;:&amp;quot;//td[text()=&amp;apos;ActivityLessthanXhoursCriticalAlertCreated2579&amp;apos;]/following-sibling::td/button[text()=&amp;apos;Delete&amp;apos;]&amp;quot;}
  (Session info: chrome=100.0.4896.75)
For documentation on this error, please visit: https://www.seleniumhq.org/exceptions/no_such_element.html
Build info: version: &amp;apos;3.141.59&amp;apos;, revision: &amp;apos;e82be7d358&amp;apos;, time: &amp;apos;2018-11-14T08:17:03&amp;apos;
System info: host: &amp;apos;DESKTOP-B96ST24&amp;apos;, ip: &amp;apos;192.168.0.106&amp;apos;, os.name: &amp;apos;Windows 10&amp;apos;, os.arch: &amp;apos;amd64&amp;apos;, os.version: &amp;apos;10.0&amp;apos;, java.version: &amp;apos;1.8.0_202&amp;apos;
Driver info: org.openqa.selenium.chrome.ChromeDriver
Capabilities {acceptInsecureCerts: false, browserName: chrome, browserVersion: 100.0.4896.75, chrome: {chromedriverVersion: 100.0.4896.60 (6a5d10861ce8..., userDataDir: C:\Users\Dell\AppData\Local...}, goog:chromeOptions: {debuggerAddress: localhost:60945}, javascriptEnabled: true, networkConnectionEnabled: false, pageLoadStrategy: normal, platform: WINDOWS, platformName: WINDOWS, proxy: Proxy(), setWindowRect: true, strictFileInteractability: false, timeouts: {implicit: 0, pageLoad: 300000, script: 30000}, unhandledPromptBehavior: dismiss and notify, webauthn:extension:credBlob: true, webauthn:extension:largeBlob: true, webauthn:virtualAuthenticators: true}
Session ID: 25a1bcc7497f21f97c06c135fbfd27bb
*** Element info: {Using=xpath, value=//td[text()=&amp;apos;ActivityLessthanXhoursCriticalAlertCreated2579&amp;apos;]/following-sibling::td/button[text()=&amp;apos;Delete&amp;apos;]}">
      <![CDATA[org.openqa.selenium.NoSuchElementException: no such element: Unable to locate element: {"method":"xpath","selector":"//td[text()='ActivityLessthanXhoursCriticalAlertCreated2579']/following-sibling::td/button[text()='Delete']"}
  (Session info: chrome=100.0.4896.75)
For documentation on this error, please visit: https://www.seleniumhq.org/exceptions/no_such_element.html
Build info: version: '3.141.59', revision: 'e82be7d358', time: '2018-11-14T08:17:03'
System info: host: 'DESKTOP-B96ST24', ip: '192.168.0.106', os.name: 'Windows 10', os.arch: 'amd64', os.version: '10.0', java.version: '1.8.0_202'
Driver info: org.openqa.selenium.chrome.ChromeDriver
Capabilities {acceptInsecureCerts: false, browserName: chrome, browserVersion: 100.0.4896.75, chrome: {chromedriverVersion: 100.0.4896.60 (6a5d10861ce8..., userDataDir: C:\Users\Dell\AppData\Local...}, goog:chromeOptions: {debuggerAddress: localhost:60945}, javascriptEnabled: true, networkConnectionEnabled: false, pageLoadStrategy: normal, platform: WINDOWS, platformName: WINDOWS, proxy: Proxy(), setWindowRect: true, strictFileInteractability: false, timeouts: {implicit: 0, pageLoad: 300000, script: 30000}, unhandledPromptBehavior: dismiss and notify, webauthn:extension:credBlob: true, webauthn:extension:largeBlob: true, webauthn:virtualAuthenticators: true}
Session ID: 25a1bcc7497f21f97c06c135fbfd27bb
*** Element info: {Using=xpath, value=//td[text()='ActivityLessthanXhoursCriticalAlertCreated2579']/following-sibling::td/button[text()='Delete']}
at org.openqa.selenium.remote.http.W3CHttpResponseCodec.createException(W3CHttpResponseCodec.java:187)
at org.openqa.selenium.remote.http.W3CHttpResponseCodec.decode(W3CHttpResponseCodec.java:122)
at org.openqa.selenium.remote.http.W3CHttpResponseCodec.decode(W3CHttpResponseCodec.java:49)
at org.openqa.selenium.remote.HttpCommandExecutor.execute(HttpCommandExecutor.java:158)
at org.openqa.selenium.remote.service.DriverCommandExecutor.execute(DriverCommandExecutor.java:83)
at org.openqa.selenium.remote.RemoteWebDriver.execute(RemoteWebDriver.java:552)
at org.openqa.selenium.remote.RemoteWebDriver.findElement(RemoteWebDriver.java:323)
at org.openqa.selenium.remote.RemoteWebDriver.findElementByXPath(RemoteWebDriver.java:428)
at org.openqa.selenium.By$ByXPath.findElement(By.java:353)
at org.openqa.selenium.remote.RemoteWebDriver.findElement(RemoteWebDriver.java:315)
at utility.DriverPage.clickOn(DriverPage.java:155)
at pages.Admin_AlertsPage.deleteExistingAlert(Admin_AlertsPage.java:184)
at tests.AdminAlertTest.testActivityLessthanXhoursCriticalAlertCreated(AdminAlertTest.java:172)
at java.util.concurrent.FutureTask.run(FutureTask.java:266)
at java.util.concurrent.ThreadPoolExecutor.runWorker(ThreadPoolExecutor.java:1149)
at java.util.concurrent.ThreadPoolExecutor$Worker.run(ThreadPoolExecutor.java:624)
at java.lang.Thread.run(Thread.java:748)
... Removed 20 stack frames]]>
    </failure>
  </testcase> <!-- testActivityLessthanXhoursCriticalAlertCreated -->
  <testcase name="testActivityLessthanXhoursInfoAlertCreated" time="51.876" classname="tests.AdminAlertTest">
    <failure type="org.openqa.selenium.NoSuchElementException" message="no such element: Unable to locate element: {&amp;quot;method&amp;quot;:&amp;quot;xpath&amp;quot;,&amp;quot;selector&amp;quot;:&amp;quot;//td[text()=&amp;apos;ActivityLessthanXhoursInfoAlertCreated2579&amp;apos;]/following-sibling::td/button[text()=&amp;apos;Delete&amp;apos;]&amp;quot;}
  (Session info: chrome=100.0.4896.75)
For documentation on this error, please visit: https://www.seleniumhq.org/exceptions/no_such_element.html
Build info: version: &amp;apos;3.141.59&amp;apos;, revision: &amp;apos;e82be7d358&amp;apos;, time: &amp;apos;2018-11-14T08:17:03&amp;apos;
System info: host: &amp;apos;DESKTOP-B96ST24&amp;apos;, ip: &amp;apos;192.168.0.106&amp;apos;, os.name: &amp;apos;Windows 10&amp;apos;, os.arch: &amp;apos;amd64&amp;apos;, os.version: &amp;apos;10.0&amp;apos;, java.version: &amp;apos;1.8.0_202&amp;apos;
Driver info: org.openqa.selenium.chrome.ChromeDriver
Capabilities {acceptInsecureCerts: false, browserName: chrome, browserVersion: 100.0.4896.75, chrome: {chromedriverVersion: 100.0.4896.60 (6a5d10861ce8..., userDataDir: C:\Users\Dell\AppData\Local...}, goog:chromeOptions: {debuggerAddress: localhost:61202}, javascriptEnabled: true, networkConnectionEnabled: false, pageLoadStrategy: normal, platform: WINDOWS, platformName: WINDOWS, proxy: Proxy(), setWindowRect: true, strictFileInteractability: false, timeouts: {implicit: 0, pageLoad: 300000, script: 30000}, unhandledPromptBehavior: dismiss and notify, webauthn:extension:credBlob: true, webauthn:extension:largeBlob: true, webauthn:virtualAuthenticators: true}
Session ID: 3ba135a62ea2e99c978c76d96d3f6c82
*** Element info: {Using=xpath, value=//td[text()=&amp;apos;ActivityLessthanXhoursInfoAlertCreated2579&amp;apos;]/following-sibling::td/button[text()=&amp;apos;Delete&amp;apos;]}">
      <![CDATA[org.openqa.selenium.NoSuchElementException: no such element: Unable to locate element: {"method":"xpath","selector":"//td[text()='ActivityLessthanXhoursInfoAlertCreated2579']/following-sibling::td/button[text()='Delete']"}
  (Session info: chrome=100.0.4896.75)
For documentation on this error, please visit: https://www.seleniumhq.org/exceptions/no_such_element.html
Build info: version: '3.141.59', revision: 'e82be7d358', time: '2018-11-14T08:17:03'
System info: host: 'DESKTOP-B96ST24', ip: '192.168.0.106', os.name: 'Windows 10', os.arch: 'amd64', os.version: '10.0', java.version: '1.8.0_202'
Driver info: org.openqa.selenium.chrome.ChromeDriver
Capabilities {acceptInsecureCerts: false, browserName: chrome, browserVersion: 100.0.4896.75, chrome: {chromedriverVersion: 100.0.4896.60 (6a5d10861ce8..., userDataDir: C:\Users\Dell\AppData\Local...}, goog:chromeOptions: {debuggerAddress: localhost:61202}, javascriptEnabled: true, networkConnectionEnabled: false, pageLoadStrategy: normal, platform: WINDOWS, platformName: WINDOWS, proxy: Proxy(), setWindowRect: true, strictFileInteractability: false, timeouts: {implicit: 0, pageLoad: 300000, script: 30000}, unhandledPromptBehavior: dismiss and notify, webauthn:extension:credBlob: true, webauthn:extension:largeBlob: true, webauthn:virtualAuthenticators: true}
Session ID: 3ba135a62ea2e99c978c76d96d3f6c82
*** Element info: {Using=xpath, value=//td[text()='ActivityLessthanXhoursInfoAlertCreated2579']/following-sibling::td/button[text()='Delete']}
at org.openqa.selenium.remote.http.W3CHttpResponseCodec.createException(W3CHttpResponseCodec.java:187)
at org.openqa.selenium.remote.http.W3CHttpResponseCodec.decode(W3CHttpResponseCodec.java:122)
at org.openqa.selenium.remote.http.W3CHttpResponseCodec.decode(W3CHttpResponseCodec.java:49)
at org.openqa.selenium.remote.HttpCommandExecutor.execute(HttpCommandExecutor.java:158)
at org.openqa.selenium.remote.service.DriverCommandExecutor.execute(DriverCommandExecutor.java:83)
at org.openqa.selenium.remote.RemoteWebDriver.execute(RemoteWebDriver.java:552)
at org.openqa.selenium.remote.RemoteWebDriver.findElement(RemoteWebDriver.java:323)
at org.openqa.selenium.remote.RemoteWebDriver.findElementByXPath(RemoteWebDriver.java:428)
at org.openqa.selenium.By$ByXPath.findElement(By.java:353)
at org.openqa.selenium.remote.RemoteWebDriver.findElement(RemoteWebDriver.java:315)
at utility.DriverPage.clickOn(DriverPage.java:155)
at pages.Admin_AlertsPage.deleteExistingAlert(Admin_AlertsPage.java:184)
at tests.AdminAlertTest.testActivityLessthanXhoursInfoAlertCreated(AdminAlertTest.java:82)
at java.util.concurrent.FutureTask.run(FutureTask.java:266)
at java.util.concurrent.ThreadPoolExecutor.runWorker(ThreadPoolExecutor.java:1149)
at java.util.concurrent.ThreadPoolExecutor$Worker.run(ThreadPoolExecutor.java:624)
at java.lang.Thread.run(Thread.java:748)
... Removed 20 stack frames]]>
    </failure>
  </testcase> <!-- testActivityLessthanXhoursInfoAlertCreated -->
  <testcase name="testActivityLessthanXhoursWarningAlertCreated" time="51.413" classname="tests.AdminAlertTest">
    <failure type="org.openqa.selenium.NoSuchElementException" message="no such element: Unable to locate element: {&amp;quot;method&amp;quot;:&amp;quot;xpath&amp;quot;,&amp;quot;selector&amp;quot;:&amp;quot;//td[text()=&amp;apos;ActivityLessthanXhoursWarningAlertCreated2579&amp;apos;]/following-sibling::td/button[text()=&amp;apos;Delete&amp;apos;]&amp;quot;}
  (Session info: chrome=100.0.4896.75)
For documentation on this error, please visit: https://www.seleniumhq.org/exceptions/no_such_element.html
Build info: version: &amp;apos;3.141.59&amp;apos;, revision: &amp;apos;e82be7d358&amp;apos;, time: &amp;apos;2018-11-14T08:17:03&amp;apos;
System info: host: &amp;apos;DESKTOP-B96ST24&amp;apos;, ip: &amp;apos;192.168.0.106&amp;apos;, os.name: &amp;apos;Windows 10&amp;apos;, os.arch: &amp;apos;amd64&amp;apos;, os.version: &amp;apos;10.0&amp;apos;, java.version: &amp;apos;1.8.0_202&amp;apos;
Driver info: org.openqa.selenium.chrome.ChromeDriver
Capabilities {acceptInsecureCerts: false, browserName: chrome, browserVersion: 100.0.4896.75, chrome: {chromedriverVersion: 100.0.4896.60 (6a5d10861ce8..., userDataDir: C:\Users\Dell\AppData\Local...}, goog:chromeOptions: {debuggerAddress: localhost:61273}, javascriptEnabled: true, networkConnectionEnabled: false, pageLoadStrategy: normal, platform: WINDOWS, platformName: WINDOWS, proxy: Proxy(), setWindowRect: true, strictFileInteractability: false, timeouts: {implicit: 0, pageLoad: 300000, script: 30000}, unhandledPromptBehavior: dismiss and notify, webauthn:extension:credBlob: true, webauthn:extension:largeBlob: true, webauthn:virtualAuthenticators: true}
Session ID: b534e8c20b07038f55a5cff1fc332123
*** Element info: {Using=xpath, value=//td[text()=&amp;apos;ActivityLessthanXhoursWarningAlertCreated2579&amp;apos;]/following-sibling::td/button[text()=&amp;apos;Delete&amp;apos;]}">
      <![CDATA[org.openqa.selenium.NoSuchElementException: no such element: Unable to locate element: {"method":"xpath","selector":"//td[text()='ActivityLessthanXhoursWarningAlertCreated2579']/following-sibling::td/button[text()='Delete']"}
  (Session info: chrome=100.0.4896.75)
For documentation on this error, please visit: https://www.seleniumhq.org/exceptions/no_such_element.html
Build info: version: '3.141.59', revision: 'e82be7d358', time: '2018-11-14T08:17:03'
System info: host: 'DESKTOP-B96ST24', ip: '192.168.0.106', os.name: 'Windows 10', os.arch: 'amd64', os.version: '10.0', java.version: '1.8.0_202'
Driver info: org.openqa.selenium.chrome.ChromeDriver
Capabilities {acceptInsecureCerts: false, browserName: chrome, browserVersion: 100.0.4896.75, chrome: {chromedriverVersion: 100.0.4896.60 (6a5d10861ce8..., userDataDir: C:\Users\Dell\AppData\Local...}, goog:chromeOptions: {debuggerAddress: localhost:61273}, javascriptEnabled: true, networkConnectionEnabled: false, pageLoadStrategy: normal, platform: WINDOWS, platformName: WINDOWS, proxy: Proxy(), setWindowRect: true, strictFileInteractability: false, timeouts: {implicit: 0, pageLoad: 300000, script: 30000}, unhandledPromptBehavior: dismiss and notify, webauthn:extension:credBlob: true, webauthn:extension:largeBlob: true, webauthn:virtualAuthenticators: true}
Session ID: b534e8c20b07038f55a5cff1fc332123
*** Element info: {Using=xpath, value=//td[text()='ActivityLessthanXhoursWarningAlertCreated2579']/following-sibling::td/button[text()='Delete']}
at org.openqa.selenium.remote.http.W3CHttpResponseCodec.createException(W3CHttpResponseCodec.java:187)
at org.openqa.selenium.remote.http.W3CHttpResponseCodec.decode(W3CHttpResponseCodec.java:122)
at org.openqa.selenium.remote.http.W3CHttpResponseCodec.decode(W3CHttpResponseCodec.java:49)
at org.openqa.selenium.remote.HttpCommandExecutor.execute(HttpCommandExecutor.java:158)
at org.openqa.selenium.remote.service.DriverCommandExecutor.execute(DriverCommandExecutor.java:83)
at org.openqa.selenium.remote.RemoteWebDriver.execute(RemoteWebDriver.java:552)
at org.openqa.selenium.remote.RemoteWebDriver.findElement(RemoteWebDriver.java:323)
at org.openqa.selenium.remote.RemoteWebDriver.findElementByXPath(RemoteWebDriver.java:428)
at org.openqa.selenium.By$ByXPath.findElement(By.java:353)
at org.openqa.selenium.remote.RemoteWebDriver.findElement(RemoteWebDriver.java:315)
at utility.DriverPage.clickOn(DriverPage.java:155)
at pages.Admin_AlertsPage.deleteExistingAlert(Admin_AlertsPage.java:184)
at tests.AdminAlertTest.testActivityLessthanXhoursWarningAlertCreated(AdminAlertTest.java:127)
at java.util.concurrent.FutureTask.run(FutureTask.java:266)
at java.util.concurrent.ThreadPoolExecutor.runWorker(ThreadPoolExecutor.java:1149)
at java.util.concurrent.ThreadPoolExecutor$Worker.run(ThreadPoolExecutor.java:624)
at java.lang.Thread.run(Thread.java:748)
... Removed 20 stack frames]]>
    </failure>
  </testcase> <!-- testActivityLessthanXhoursWarningAlertCreated -->
  <testcase name="testUserIsAbleToFilterAlertWithNameContains" time="47.275" classname="tests.AdminAlertTest"/>
  <testcase name="testCreateAnAlertOfFileOperationOnAgentsForRenamedOperation" time="0.0" classname="tests.AdminAlertTest">
    <ignored/>
  </testcase> <!-- testCreateAnAlertOfFileOperationOnAgentsForRenamedOperation -->
  <testcase name="testCreateAnAlertFileOperationOffice365ForModifiedOperation" time="0.0" classname="tests.AdminAlertTest">
    <ignored/>
  </testcase> <!-- testCreateAnAlertFileOperationOffice365ForModifiedOperation -->
  <testcase name="testUserIsAbleToFilterAlertWithNameStartWith" time="0.0" classname="tests.AdminAlertTest">
    <ignored/>
  </testcase> <!-- testUserIsAbleToFilterAlertWithNameStartWith -->
  <testcase name="testUserIsAbleToFilterAlertByNameTypeAndIntegration" time="0.0" classname="tests.AdminAlertTest">
    <ignored/>
  </testcase> <!-- testUserIsAbleToFilterAlertByNameTypeAndIntegration -->
  <testcase name="testCreateAnAlertOfNetAppQaFileOperationOnIntegratorsForModifiedOperation" time="0.0" classname="tests.AdminAlertTest">
    <ignored/>
  </testcase> <!-- testCreateAnAlertOfNetAppQaFileOperationOnIntegratorsForModifiedOperation -->
  <testcase name="testUserIsAbleToFilterAlertEqualsToNetAppQAInIntegrators" time="0.0" classname="tests.AdminAlertTest">
    <ignored/>
  </testcase> <!-- testUserIsAbleToFilterAlertEqualsToNetAppQAInIntegrators -->
  <testcase name="testCreateAnAlertOfNetAppQaFileOperationOnIntegratorsForCreatedOperation" time="0.0" classname="tests.AdminAlertTest">
    <ignored/>
  </testcase> <!-- testCreateAnAlertOfNetAppQaFileOperationOnIntegratorsForCreatedOperation -->
  <testcase name="testCreateAnAlertOfFileOperationOnIntegratorWindowServerAgentasCreatedOperationAlert" time="0.0" classname="tests.AdminAlertTest">
    <ignored/>
  </testcase> <!-- testCreateAnAlertOfFileOperationOnIntegratorWindowServerAgentasCreatedOperationAlert -->
  <testcase name="testCreateAnAlertOfFileOperationOnAgentsForDeleteOperation" time="0.0" classname="tests.AdminAlertTest">
    <ignored/>
  </testcase> <!-- testCreateAnAlertOfFileOperationOnAgentsForDeleteOperation -->
  <testcase name="testUserIsAbleToFilterAlertBySeverityAsInfo" time="0.0" classname="tests.AdminAlertTest">
    <ignored/>
  </testcase> <!-- testUserIsAbleToFilterAlertBySeverityAsInfo -->
  <testcase name="testUserIsAbleToFilterAlertByIntegrationNameActivityLessThanXHours" time="0.0" classname="tests.AdminAlertTest">
    <ignored/>
  </testcase> <!-- testUserIsAbleToFilterAlertByIntegrationNameActivityLessThanXHours -->
  <testcase name="testNoItemsIsDisplayedWhenUserApplyFilterWithUnmatchedKeywordAndContainsConditionForIntegratorsFields" time="0.0" classname="tests.AdminAlertTest">
    <ignored/>
  </testcase> <!-- testNoItemsIsDisplayedWhenUserApplyFilterWithUnmatchedKeywordAndContainsConditionForIntegratorsFields -->
  <testcase name="testUserIsAbleToFilterAlertByIntegrationNameFileOperationOnAgents" time="0.0" classname="tests.AdminAlertTest">
    <ignored/>
  </testcase> <!-- testUserIsAbleToFilterAlertByIntegrationNameFileOperationOnAgents -->
  <testcase name="testUserIsAbleToFilterAlertContainsQAInIntegrators" time="0.0" classname="tests.AdminAlertTest">
    <ignored/>
  </testcase> <!-- testUserIsAbleToFilterAlertContainsQAInIntegrators -->
  <testcase name="testCreateAnAlertOfFileOperationOnAgentsForReadOperation" time="0.0" classname="tests.AdminAlertTest">
    <ignored/>
  </testcase> <!-- testCreateAnAlertOfFileOperationOnAgentsForReadOperation -->
  <testcase name="testCreateAnAlertFileOperationOffice365ForReadOperation" time="0.0" classname="tests.AdminAlertTest">
    <ignored/>
  </testcase> <!-- testCreateAnAlertFileOperationOffice365ForReadOperation -->
  <testcase name="testUserIsAbleToGetResetDefaultValueWhenClickedOnClearButtonOnFilterPoUp" time="0.0" classname="tests.AdminAlertTest">
    <ignored/>
  </testcase> <!-- testUserIsAbleToGetResetDefaultValueWhenClickedOnClearButtonOnFilterPoUp -->
  <testcase name="testUserIsAbleToFilterAlertWithNameEquals" time="0.0" classname="tests.AdminAlertTest">
    <ignored/>
  </testcase> <!-- testUserIsAbleToFilterAlertWithNameEquals -->
  <testcase name="testNoItemsIsDisplayedWhenUserApplyFilterWithnetaapKeywordAndStarWithConditionForIntegratorsFields" time="0.0" classname="tests.AdminAlertTest">
    <ignored/>
  </testcase> <!-- testNoItemsIsDisplayedWhenUserApplyFilterWithnetaapKeywordAndStarWithConditionForIntegratorsFields -->
  <testcase name="testCreateAnAlertFileOperationOffice365ForUploadedOperation" time="0.0" classname="tests.AdminAlertTest">
    <ignored/>
  </testcase> <!-- testCreateAnAlertFileOperationOffice365ForUploadedOperation -->
  <testcase name="testCreateAnAlertOfNetAppQaFileOperationOnIntegratorsForReadOperation" time="0.0" classname="tests.AdminAlertTest">
    <ignored/>
  </testcase> <!-- testCreateAnAlertOfNetAppQaFileOperationOnIntegratorsForReadOperation -->
  <testcase name="testCreateAnAlertFileOperationOffice365ForDeletedOperation" time="0.0" classname="tests.AdminAlertTest">
    <ignored/>
  </testcase> <!-- testCreateAnAlertFileOperationOffice365ForDeletedOperation -->
  <testcase name="testUserIsAbleToFilterAlertBySeverityAsWarning" time="0.0" classname="tests.AdminAlertTest">
    <ignored/>
  </testcase> <!-- testUserIsAbleToFilterAlertBySeverityAsWarning -->
  <testcase name="testCreateAnAlertFileOperationOffice365ForRenamedOperation" time="0.0" classname="tests.AdminAlertTest">
    <ignored/>
  </testcase> <!-- testCreateAnAlertFileOperationOffice365ForRenamedOperation -->
  <testcase name="testUserIsAbleToFilterAlertByNameWithContainAndIntegrationAsActivityLessThanXHours" time="0.0" classname="tests.AdminAlertTest">
    <ignored/>
  </testcase> <!-- testUserIsAbleToFilterAlertByNameWithContainAndIntegrationAsActivityLessThanXHours -->
  <testcase name="testUserIsAbleToFilterAlertBySeverityAsCritical" time="0.0" classname="tests.AdminAlertTest">
    <ignored/>
  </testcase> <!-- testUserIsAbleToFilterAlertBySeverityAsCritical -->
  <testcase name="testUserIsAbleToEditExistingAlert" time="0.0" classname="tests.AdminAlertTest">
    <ignored/>
  </testcase> <!-- testUserIsAbleToEditExistingAlert -->
  <testcase name="testCreateAnAlertOfNetAppQaFileOperationOnIntegratorsForDeletedOperation" time="0.0" classname="tests.AdminAlertTest">
    <ignored/>
  </testcase> <!-- testCreateAnAlertOfNetAppQaFileOperationOnIntegratorsForDeletedOperation -->
  <testcase name="testNoItemsIsDisplayedWhenUserApplyFilterWithQAKeywordAndEqualsConditionForIntegratorsFields" time="0.0" classname="tests.AdminAlertTest">
    <ignored/>
  </testcase> <!-- testNoItemsIsDisplayedWhenUserApplyFilterWithQAKeywordAndEqualsConditionForIntegratorsFields -->
  <testcase name="testUserIsAbleToFilterAlertByIntegrationNameFileOperationOnIntegrators" time="0.0" classname="tests.AdminAlertTest">
    <ignored/>
  </testcase> <!-- testUserIsAbleToFilterAlertByIntegrationNameFileOperationOnIntegrators -->
  <testcase name="testCreateAnAlertOfFileOperationOnIntegratorWindowServerAgentDeletedOperationAlert" time="0.0" classname="tests.AdminAlertTest">
    <ignored/>
  </testcase> <!-- testCreateAnAlertOfFileOperationOnIntegratorWindowServerAgentDeletedOperationAlert -->
  <testcase name="testCreateAnAlertOfFileOperationOnIntegratorWindowServerAgentasReadOperationAlert" time="0.0" classname="tests.AdminAlertTest">
    <ignored/>
  </testcase> <!-- testCreateAnAlertOfFileOperationOnIntegratorWindowServerAgentasReadOperationAlert -->
  <testcase name="testUserIsAbleToFilterAlertByNameTypeIntegrationAndSeverity" time="0.0" classname="tests.AdminAlertTest">
    <ignored/>
  </testcase> <!-- testUserIsAbleToFilterAlertByNameTypeIntegrationAndSeverity -->
  <testcase name="testCreateAnAlertOfFileOperationOnIntegratorWindowServerAgentasModifiedOperationAlert" time="0.0" classname="tests.AdminAlertTest">
    <ignored/>
  </testcase> <!-- testCreateAnAlertOfFileOperationOnIntegratorWindowServerAgentasModifiedOperationAlert -->
  <testcase name="testCreateAnAlertOfFileOperationOnAgentsForCreatedOperation" time="0.0" classname="tests.AdminAlertTest">
    <ignored/>
  </testcase> <!-- testCreateAnAlertOfFileOperationOnAgentsForCreatedOperation -->
  <testcase name="testCreateAnAlertOfFileOperationOnAgentsForModifiedOperation" time="0.0" classname="tests.AdminAlertTest">
    <ignored/>
  </testcase> <!-- testCreateAnAlertOfFileOperationOnAgentsForModifiedOperation -->
</testsuite> <!-- Admin Alert Test -->
