<?xml version="1.0" encoding="UTF-8"?>
<!-- Generated by org.testng.reporters.JUnitXMLReporter -->
<testsuite hostname="DESKTOP-B96ST24" ignored="14" name="Application Log" tests="1" failures="1" timestamp="14 Apr 2022 09:34:08 GMT" time="95.31" errors="0">
  <testcase name="testApplicationLogIsCreatedForAlertCreated" time="69.701" classname="tests.ApplicationLogTest">
    <failure type="org.openqa.selenium.NoSuchElementException" message="no such element: Unable to locate element: {&amp;quot;method&amp;quot;:&amp;quot;xpath&amp;quot;,&amp;quot;selector&amp;quot;:&amp;quot;//td[text()=&amp;apos;ActivityLessthanXhoursInfoAlertCreated69138&amp;apos;]/following-sibling::td/button[text()=&amp;apos;Delete&amp;apos;]&amp;quot;}
  (Session info: chrome=100.0.4896.75)
For documentation on this error, please visit: https://www.seleniumhq.org/exceptions/no_such_element.html
Build info: version: &amp;apos;3.141.59&amp;apos;, revision: &amp;apos;e82be7d358&amp;apos;, time: &amp;apos;2018-11-14T08:17:03&amp;apos;
System info: host: &amp;apos;DESKTOP-B96ST24&amp;apos;, ip: &amp;apos;192.168.0.106&amp;apos;, os.name: &amp;apos;Windows 10&amp;apos;, os.arch: &amp;apos;amd64&amp;apos;, os.version: &amp;apos;10.0&amp;apos;, java.version: &amp;apos;1.8.0_202&amp;apos;
Driver info: org.openqa.selenium.chrome.ChromeDriver
Capabilities {acceptInsecureCerts: false, browserName: chrome, browserVersion: 100.0.4896.75, chrome: {chromedriverVersion: 100.0.4896.60 (6a5d10861ce8..., userDataDir: C:\Users\Dell\AppData\Local...}, goog:chromeOptions: {debuggerAddress: localhost:61527}, javascriptEnabled: true, networkConnectionEnabled: false, pageLoadStrategy: normal, platform: WINDOWS, platformName: WINDOWS, proxy: Proxy(), setWindowRect: true, strictFileInteractability: false, timeouts: {implicit: 0, pageLoad: 300000, script: 30000}, unhandledPromptBehavior: dismiss and notify, webauthn:extension:credBlob: true, webauthn:extension:largeBlob: true, webauthn:virtualAuthenticators: true}
Session ID: abda87bf036e827d4f5b08a1d97cca73
*** Element info: {Using=xpath, value=//td[text()=&amp;apos;ActivityLessthanXhoursInfoAlertCreated69138&amp;apos;]/following-sibling::td/button[text()=&amp;apos;Delete&amp;apos;]}">
      <![CDATA[org.openqa.selenium.NoSuchElementException: no such element: Unable to locate element: {"method":"xpath","selector":"//td[text()='ActivityLessthanXhoursInfoAlertCreated69138']/following-sibling::td/button[text()='Delete']"}
  (Session info: chrome=100.0.4896.75)
For documentation on this error, please visit: https://www.seleniumhq.org/exceptions/no_such_element.html
Build info: version: '3.141.59', revision: 'e82be7d358', time: '2018-11-14T08:17:03'
System info: host: 'DESKTOP-B96ST24', ip: '192.168.0.106', os.name: 'Windows 10', os.arch: 'amd64', os.version: '10.0', java.version: '1.8.0_202'
Driver info: org.openqa.selenium.chrome.ChromeDriver
Capabilities {acceptInsecureCerts: false, browserName: chrome, browserVersion: 100.0.4896.75, chrome: {chromedriverVersion: 100.0.4896.60 (6a5d10861ce8..., userDataDir: C:\Users\Dell\AppData\Local...}, goog:chromeOptions: {debuggerAddress: localhost:61527}, javascriptEnabled: true, networkConnectionEnabled: false, pageLoadStrategy: normal, platform: WINDOWS, platformName: WINDOWS, proxy: Proxy(), setWindowRect: true, strictFileInteractability: false, timeouts: {implicit: 0, pageLoad: 300000, script: 30000}, unhandledPromptBehavior: dismiss and notify, webauthn:extension:credBlob: true, webauthn:extension:largeBlob: true, webauthn:virtualAuthenticators: true}
Session ID: abda87bf036e827d4f5b08a1d97cca73
*** Element info: {Using=xpath, value=//td[text()='ActivityLessthanXhoursInfoAlertCreated69138']/following-sibling::td/button[text()='Delete']}
at org.openqa.selenium.remote.http.W3CHttpResponseCodec.createException(W3CHttpResponseCodec.java:187)
at org.openqa.selenium.remote.http.W3CHttpResponseCodec.decode(W3CHttpResponseCodec.java:122)
at org.openqa.selenium.remote.http.W3CHttpResponseCodec.decode(W3CHttpResponseCodec.java:49)
at org.openqa.selenium.remote.HttpCommandExecutor.execute(HttpCommandExecutor.java:158)
at org.openqa.selenium.remote.service.DriverCommandExecutor.execute(DriverCommandExecutor.java:83)
at org.openqa.selenium.remote.RemoteWebDriver.execute(RemoteWebDriver.java:552)
at org.openqa.selenium.remote.RemoteWebDriver.findElement(RemoteWebDriver.java:323)
at org.openqa.selenium.remote.RemoteWebDriver.findElementByXPath(RemoteWebDriver.java:428)
at org.openqa.selenium.By$ByXPath.findElement(By.java:353)
at org.openqa.selenium.remote.RemoteWebDriver.findElement(RemoteWebDriver.java:315)
at utility.DriverPage.clickOn(DriverPage.java:155)
at pages.Admin_AlertsPage.deleteExistingAlert(Admin_AlertsPage.java:184)
at tests.ApplicationLogTest.testApplicationLogIsCreatedForAlertCreated(ApplicationLogTest.java:91)
at java.util.concurrent.FutureTask.run(FutureTask.java:266)
at java.util.concurrent.ThreadPoolExecutor.runWorker(ThreadPoolExecutor.java:1149)
at java.util.concurrent.ThreadPoolExecutor$Worker.run(ThreadPoolExecutor.java:624)
at java.lang.Thread.run(Thread.java:748)
... Removed 20 stack frames]]>
    </failure>
  </testcase> <!-- testApplicationLogIsCreatedForAlertCreated -->
  <testcase name="testApplicationLogIsCreatedForUserLogin" time="0.0" classname="tests.ApplicationLogTest">
    <ignored/>
  </testcase> <!-- testApplicationLogIsCreatedForUserLogin -->
  <testcase name="testApplicationLogIsCreatedForUserModified" time="0.0" classname="tests.ApplicationLogTest">
    <ignored/>
  </testcase> <!-- testApplicationLogIsCreatedForUserModified -->
  <testcase name="testUserIsAbleExportAndDownloadPageEventsInSelectedFormatsByUser" time="0.0" classname="tests.ApplicationLogTest">
    <ignored/>
  </testcase> <!-- testUserIsAbleExportAndDownloadPageEventsInSelectedFormatsByUser -->
  <testcase name="testApplicationLogIsCreatedForAlertDeleted" time="0.0" classname="tests.ApplicationLogTest">
    <ignored/>
  </testcase> <!-- testApplicationLogIsCreatedForAlertDeleted -->
  <testcase name="testApplicationLogIsCreatedForUserCreated" time="0.0" classname="tests.ApplicationLogTest">
    <ignored/>
  </testcase> <!-- testApplicationLogIsCreatedForUserCreated -->
  <testcase name="testApplicationLogIsCreatedForAlertModified" time="0.0" classname="tests.ApplicationLogTest">
    <ignored/>
  </testcase> <!-- testApplicationLogIsCreatedForAlertModified -->
  <testcase name="testApplicationLogIsCreatedForFileAuditModified" time="0.0" classname="tests.ApplicationLogTest">
    <ignored/>
  </testcase> <!-- testApplicationLogIsCreatedForFileAuditModified -->
  <testcase name="testUserIsAbleToFilterApplicationLogWithUserContains" time="0.0" classname="tests.ApplicationLogTest">
    <ignored/>
  </testcase> <!-- testUserIsAbleToFilterApplicationLogWithUserContains -->
  <testcase name="testApplicationLogIsCreatedForUserLoginFailed" time="0.0" classname="tests.ApplicationLogTest">
    <ignored/>
  </testcase> <!-- testApplicationLogIsCreatedForUserLoginFailed -->
  <testcase name="testApplicationLogIsCreatedForPrintJobModified" time="0.0" classname="tests.ApplicationLogTest">
    <ignored/>
  </testcase> <!-- testApplicationLogIsCreatedForPrintJobModified -->
  <testcase name="testUserIsAbleToFilterApplicationLogWithObjectTypeUser" time="0.0" classname="tests.ApplicationLogTest">
    <ignored/>
  </testcase> <!-- testUserIsAbleToFilterApplicationLogWithObjectTypeUser -->
  <testcase name="testUserIsAbleToFilterApplicationLogWithObjectContains" time="0.0" classname="tests.ApplicationLogTest">
    <ignored/>
  </testcase> <!-- testUserIsAbleToFilterApplicationLogWithObjectContains -->
  <testcase name="testUserIsAbleToFilterApplicationLogWithActionModified" time="0.0" classname="tests.ApplicationLogTest">
    <ignored/>
  </testcase> <!-- testUserIsAbleToFilterApplicationLogWithActionModified -->
  <testcase name="testApplicationLogIsCreatedForUserDeleted" time="0.0" classname="tests.ApplicationLogTest">
    <ignored/>
  </testcase> <!-- testApplicationLogIsCreatedForUserDeleted -->
</testsuite> <!-- Application Log -->
