<!DOCTYPE html>

<html>
  <head>
  <meta charset='utf-8'>
  <title>TestNG reports</title>

    <link type="text/css" href="testng-reports.css" rel="stylesheet" />
    <script type="text/javascript" src="jquery-1.7.1.min.js"></script>
    <script type="text/javascript" src="testng-reports.js"></script>
    <script type="text/javascript" src="https://www.google.com/jsapi"></script>
    <script type='text/javascript'>
      google.load('visualization', '1', {packages:['table']});
      google.setOnLoadCallback(drawTable);
      var suiteTableInitFunctions = new Array();
      var suiteTableData = new Array();
    </script>
    <!--
      <script type="text/javascript" src="jquery-ui/js/jquery-ui-1.8.16.custom.min.js"></script>
     -->
  </head>

  <body>
    <div class="top-banner-root">
      <span class="top-banner-title-font">Test results</span>
      <br/>
      <span class="top-banner-font-1">1 suite, 4 failed tests</span>
    </div> <!-- top-banner-root -->
    <div class="navigator-root">
      <div class="navigator-suite-header">
        <span>All suites</span>
        <a href="#" class="collapse-all-link" title="Collapse/expand all the suites">
          <img class="collapse-all-icon" src="collapseall.gif">
          </img> <!-- collapse-all-icon -->
        </a> <!-- collapse-all-link -->
      </div> <!-- navigator-suite-header -->
      <div class="suite">
        <div class="rounded-window">
          <div class="suite-header light-rounded-window-top">
            <a href="#" class="navigator-link" panel-name="suite-Smoke_Test">
              <span class="suite-name border-failed">Smoke Test</span>
            </a> <!-- navigator-link -->
          </div> <!-- suite-header light-rounded-window-top -->
          <div class="navigator-suite-content">
            <div class="suite-section-title">
              <span>Info</span>
            </div> <!-- suite-section-title -->
            <div class="suite-section-content">
              <ul>
                <li>
                  <a href="#" class="navigator-link " panel-name="test-xml-Smoke_Test">
                    <span>C:\Users\Dell\Desktop\Arexdata\qa-automation-master\src\test\resources\testRun\SmokeTestSuite.xml</span>
                  </a> <!-- navigator-link  -->
                </li>
                <li>
                  <a href="#" class="navigator-link " panel-name="testlist-Smoke_Test">
                    <span class="test-stats">4 tests</span>
                  </a> <!-- navigator-link  -->
                </li>
                <li>
                  <a href="#" class="navigator-link " panel-name="group-Smoke_Test">
                    <span>1 group</span>
                  </a> <!-- navigator-link  -->
                </li>
                <li>
                  <a href="#" class="navigator-link " panel-name="times-Smoke_Test">
                    <span>Times</span>
                  </a> <!-- navigator-link  -->
                </li>
                <li>
                  <a href="#" class="navigator-link " panel-name="reporter-Smoke_Test">
                    <span>Reporter output</span>
                  </a> <!-- navigator-link  -->
                </li>
                <li>
                  <a href="#" class="navigator-link " panel-name="ignored-methods-Smoke_Test">
                    <span>Ignored methods</span>
                  </a> <!-- navigator-link  -->
                </li>
                <li>
                  <a href="#" class="navigator-link " panel-name="chronological-Smoke_Test">
                    <span>Chronological view</span>
                  </a> <!-- navigator-link  -->
                </li>
              </ul>
            </div> <!-- suite-section-content -->
            <div class="result-section">
              <div class="suite-section-title">
                <span>Results</span>
              </div> <!-- suite-section-title -->
              <div class="suite-section-content">
                <ul>
                  <li>
                    <span class="method-stats">5 methods, 4 failed,   1 passed</span>
                  </li>
                  <li>
                    <span class="method-list-title failed">Failed methods</span>
                    <span class="show-or-hide-methods failed">
                      <a href="#" panel-name="suite-Smoke_Test" class="hide-methods failed suite-Smoke_Test"> (hide)</a> <!-- hide-methods failed suite-Smoke_Test -->
                      <a href="#" panel-name="suite-Smoke_Test" class="show-methods failed suite-Smoke_Test"> (show)</a> <!-- show-methods failed suite-Smoke_Test -->
                    </span>
                    <div class="method-list-content failed suite-Smoke_Test">
                      <span>
                        <img width="3%" src="failed.png"/>
                        <a href="#" class="method navigator-link" panel-name="suite-Smoke_Test" title="tests.AdminAlertTest" hash-for-method="testActivityLessthanXhoursCriticalAlertCreated">testActivityLessthanXhoursCriticalAlertCreated</a> <!-- method navigator-link -->
                      </span>
                      <br/>
                      <span>
                        <img width="3%" src="failed.png"/>
                        <a href="#" class="method navigator-link" panel-name="suite-Smoke_Test" title="tests.AdminAlertTest" hash-for-method="testActivityLessthanXhoursInfoAlertCreated">testActivityLessthanXhoursInfoAlertCreated</a> <!-- method navigator-link -->
                      </span>
                      <br/>
                      <span>
                        <img width="3%" src="failed.png"/>
                        <a href="#" class="method navigator-link" panel-name="suite-Smoke_Test" title="tests.AdminAlertTest" hash-for-method="testActivityLessthanXhoursWarningAlertCreated">testActivityLessthanXhoursWarningAlertCreated</a> <!-- method navigator-link -->
                      </span>
                      <br/>
                      <span>
                        <img width="3%" src="failed.png"/>
                        <a href="#" class="method navigator-link" panel-name="suite-Smoke_Test" title="tests.ApplicationLogTest" hash-for-method="testApplicationLogIsCreatedForAlertCreated">testApplicationLogIsCreatedForAlertCreated</a> <!-- method navigator-link -->
                      </span>
                      <br/>
                    </div> <!-- method-list-content failed suite-Smoke_Test -->
                  </li>
                  <li>
                    <span class="method-list-title passed">Passed methods</span>
                    <span class="show-or-hide-methods passed">
                      <a href="#" panel-name="suite-Smoke_Test" class="hide-methods passed suite-Smoke_Test"> (hide)</a> <!-- hide-methods passed suite-Smoke_Test -->
                      <a href="#" panel-name="suite-Smoke_Test" class="show-methods passed suite-Smoke_Test"> (show)</a> <!-- show-methods passed suite-Smoke_Test -->
                    </span>
                    <div class="method-list-content passed suite-Smoke_Test">
                      <span>
                        <img width="3%" src="passed.png"/>
                        <a href="#" class="method navigator-link" panel-name="suite-Smoke_Test" title="tests.AdminAlertTest" hash-for-method="testUserIsAbleToFilterAlertWithNameContains">testUserIsAbleToFilterAlertWithNameContains</a> <!-- method navigator-link -->
                      </span>
                      <br/>
                    </div> <!-- method-list-content passed suite-Smoke_Test -->
                  </li>
                </ul>
              </div> <!-- suite-section-content -->
            </div> <!-- result-section -->
          </div> <!-- navigator-suite-content -->
        </div> <!-- rounded-window -->
      </div> <!-- suite -->
    </div> <!-- navigator-root -->
    <div class="wrapper">
      <div class="main-panel-root">
        <div panel-name="suite-Smoke_Test" class="panel Smoke_Test">
          <div class="suite-Smoke_Test-class-failed">
            <div class="main-panel-header rounded-window-top">
              <img src="failed.png"/>
              <span class="class-name">tests.ApplicationLogTest</span>
            </div> <!-- main-panel-header rounded-window-top -->
            <div class="main-panel-content rounded-window-bottom">
              <div class="method">
                <div class="method-content">
                  <a name="testApplicationLogIsCreatedForAlertCreated">
                  </a> <!-- testApplicationLogIsCreatedForAlertCreated -->
                  <span class="method-name">testApplicationLogIsCreatedForAlertCreated</span>
                  <div class="stack-trace">org.openqa.selenium.NoSuchElementException: no such element: Unable to locate element: {&quot;method&quot;:&quot;xpath&quot;,&quot;selector&quot;:&quot;//td[text()=&apos;ActivityLessthanXhoursInfoAlertCreated69138&apos;]/following-sibling::td/button[text()=&apos;Delete&apos;]&quot;}
  (Session info: chrome=100.0.4896.75)
For documentation on this error, please visit: https://www.seleniumhq.org/exceptions/no_such_element.html
Build info: version: &apos;3.141.59&apos;, revision: &apos;e82be7d358&apos;, time: &apos;2018-11-14T08:17:03&apos;
System info: host: &apos;DESKTOP-B96ST24&apos;, ip: &apos;192.168.0.106&apos;, os.name: &apos;Windows 10&apos;, os.arch: &apos;amd64&apos;, os.version: &apos;10.0&apos;, java.version: &apos;1.8.0_202&apos;
Driver info: org.openqa.selenium.chrome.ChromeDriver
Capabilities {acceptInsecureCerts: false, browserName: chrome, browserVersion: 100.0.4896.75, chrome: {chromedriverVersion: 100.0.4896.60 (6a5d10861ce8..., userDataDir: C:\Users\Dell\AppData\Local...}, goog:chromeOptions: {debuggerAddress: localhost:61527}, javascriptEnabled: true, networkConnectionEnabled: false, pageLoadStrategy: normal, platform: WINDOWS, platformName: WINDOWS, proxy: Proxy(), setWindowRect: true, strictFileInteractability: false, timeouts: {implicit: 0, pageLoad: 300000, script: 30000}, unhandledPromptBehavior: dismiss and notify, webauthn:extension:credBlob: true, webauthn:extension:largeBlob: true, webauthn:virtualAuthenticators: true}
Session ID: abda87bf036e827d4f5b08a1d97cca73
*** Element info: {Using=xpath, value=//td[text()=&apos;ActivityLessthanXhoursInfoAlertCreated69138&apos;]/following-sibling::td/button[text()=&apos;Delete&apos;]}
	at org.openqa.selenium.remote.http.W3CHttpResponseCodec.createException(W3CHttpResponseCodec.java:187)
	at org.openqa.selenium.remote.http.W3CHttpResponseCodec.decode(W3CHttpResponseCodec.java:122)
	at org.openqa.selenium.remote.http.W3CHttpResponseCodec.decode(W3CHttpResponseCodec.java:49)
	at org.openqa.selenium.remote.HttpCommandExecutor.execute(HttpCommandExecutor.java:158)
	at org.openqa.selenium.remote.service.DriverCommandExecutor.execute(DriverCommandExecutor.java:83)
	at org.openqa.selenium.remote.RemoteWebDriver.execute(RemoteWebDriver.java:552)
	at org.openqa.selenium.remote.RemoteWebDriver.findElement(RemoteWebDriver.java:323)
	at org.openqa.selenium.remote.RemoteWebDriver.findElementByXPath(RemoteWebDriver.java:428)
	at org.openqa.selenium.By$ByXPath.findElement(By.java:353)
	at org.openqa.selenium.remote.RemoteWebDriver.findElement(RemoteWebDriver.java:315)
	at utility.DriverPage.clickOn(DriverPage.java:155)
	at pages.Admin_AlertsPage.deleteExistingAlert(Admin_AlertsPage.java:184)
	at tests.ApplicationLogTest.testApplicationLogIsCreatedForAlertCreated(ApplicationLogTest.java:91)
	at java.util.concurrent.FutureTask.run(FutureTask.java:266)
	at java.util.concurrent.ThreadPoolExecutor.runWorker(ThreadPoolExecutor.java:1149)
	at java.util.concurrent.ThreadPoolExecutor$Worker.run(ThreadPoolExecutor.java:624)
	at java.lang.Thread.run(Thread.java:748)
... Removed 20 stack frames
</div> <!-- stack-trace -->
                </div> <!-- method-content -->
              </div> <!-- method -->
            </div> <!-- main-panel-content rounded-window-bottom -->
          </div> <!-- suite-Smoke_Test-class-failed -->
          <div class="suite-Smoke_Test-class-failed">
            <div class="main-panel-header rounded-window-top">
              <img src="failed.png"/>
              <span class="class-name">tests.AdminAlertTest</span>
            </div> <!-- main-panel-header rounded-window-top -->
            <div class="main-panel-content rounded-window-bottom">
              <div class="method">
                <div class="method-content">
                  <a name="testActivityLessthanXhoursCriticalAlertCreated">
                  </a> <!-- testActivityLessthanXhoursCriticalAlertCreated -->
                  <span class="method-name">testActivityLessthanXhoursCriticalAlertCreated</span>
                  <div class="stack-trace">org.openqa.selenium.NoSuchElementException: no such element: Unable to locate element: {&quot;method&quot;:&quot;xpath&quot;,&quot;selector&quot;:&quot;//td[text()=&apos;ActivityLessthanXhoursCriticalAlertCreated2579&apos;]/following-sibling::td/button[text()=&apos;Delete&apos;]&quot;}
  (Session info: chrome=100.0.4896.75)
For documentation on this error, please visit: https://www.seleniumhq.org/exceptions/no_such_element.html
Build info: version: &apos;3.141.59&apos;, revision: &apos;e82be7d358&apos;, time: &apos;2018-11-14T08:17:03&apos;
System info: host: &apos;DESKTOP-B96ST24&apos;, ip: &apos;192.168.0.106&apos;, os.name: &apos;Windows 10&apos;, os.arch: &apos;amd64&apos;, os.version: &apos;10.0&apos;, java.version: &apos;1.8.0_202&apos;
Driver info: org.openqa.selenium.chrome.ChromeDriver
Capabilities {acceptInsecureCerts: false, browserName: chrome, browserVersion: 100.0.4896.75, chrome: {chromedriverVersion: 100.0.4896.60 (6a5d10861ce8..., userDataDir: C:\Users\Dell\AppData\Local...}, goog:chromeOptions: {debuggerAddress: localhost:60945}, javascriptEnabled: true, networkConnectionEnabled: false, pageLoadStrategy: normal, platform: WINDOWS, platformName: WINDOWS, proxy: Proxy(), setWindowRect: true, strictFileInteractability: false, timeouts: {implicit: 0, pageLoad: 300000, script: 30000}, unhandledPromptBehavior: dismiss and notify, webauthn:extension:credBlob: true, webauthn:extension:largeBlob: true, webauthn:virtualAuthenticators: true}
Session ID: 25a1bcc7497f21f97c06c135fbfd27bb
*** Element info: {Using=xpath, value=//td[text()=&apos;ActivityLessthanXhoursCriticalAlertCreated2579&apos;]/following-sibling::td/button[text()=&apos;Delete&apos;]}
	at org.openqa.selenium.remote.http.W3CHttpResponseCodec.createException(W3CHttpResponseCodec.java:187)
	at org.openqa.selenium.remote.http.W3CHttpResponseCodec.decode(W3CHttpResponseCodec.java:122)
	at org.openqa.selenium.remote.http.W3CHttpResponseCodec.decode(W3CHttpResponseCodec.java:49)
	at org.openqa.selenium.remote.HttpCommandExecutor.execute(HttpCommandExecutor.java:158)
	at org.openqa.selenium.remote.service.DriverCommandExecutor.execute(DriverCommandExecutor.java:83)
	at org.openqa.selenium.remote.RemoteWebDriver.execute(RemoteWebDriver.java:552)
	at org.openqa.selenium.remote.RemoteWebDriver.findElement(RemoteWebDriver.java:323)
	at org.openqa.selenium.remote.RemoteWebDriver.findElementByXPath(RemoteWebDriver.java:428)
	at org.openqa.selenium.By$ByXPath.findElement(By.java:353)
	at org.openqa.selenium.remote.RemoteWebDriver.findElement(RemoteWebDriver.java:315)
	at utility.DriverPage.clickOn(DriverPage.java:155)
	at pages.Admin_AlertsPage.deleteExistingAlert(Admin_AlertsPage.java:184)
	at tests.AdminAlertTest.testActivityLessthanXhoursCriticalAlertCreated(AdminAlertTest.java:172)
	at java.util.concurrent.FutureTask.run(FutureTask.java:266)
	at java.util.concurrent.ThreadPoolExecutor.runWorker(ThreadPoolExecutor.java:1149)
	at java.util.concurrent.ThreadPoolExecutor$Worker.run(ThreadPoolExecutor.java:624)
	at java.lang.Thread.run(Thread.java:748)
... Removed 20 stack frames
</div> <!-- stack-trace -->
                </div> <!-- method-content -->
              </div> <!-- method -->
              <div class="method">
                <div class="method-content">
                  <a name="testActivityLessthanXhoursInfoAlertCreated">
                  </a> <!-- testActivityLessthanXhoursInfoAlertCreated -->
                  <span class="method-name">testActivityLessthanXhoursInfoAlertCreated</span>
                  <div class="stack-trace">org.openqa.selenium.NoSuchElementException: no such element: Unable to locate element: {&quot;method&quot;:&quot;xpath&quot;,&quot;selector&quot;:&quot;//td[text()=&apos;ActivityLessthanXhoursInfoAlertCreated2579&apos;]/following-sibling::td/button[text()=&apos;Delete&apos;]&quot;}
  (Session info: chrome=100.0.4896.75)
For documentation on this error, please visit: https://www.seleniumhq.org/exceptions/no_such_element.html
Build info: version: &apos;3.141.59&apos;, revision: &apos;e82be7d358&apos;, time: &apos;2018-11-14T08:17:03&apos;
System info: host: &apos;DESKTOP-B96ST24&apos;, ip: &apos;192.168.0.106&apos;, os.name: &apos;Windows 10&apos;, os.arch: &apos;amd64&apos;, os.version: &apos;10.0&apos;, java.version: &apos;1.8.0_202&apos;
Driver info: org.openqa.selenium.chrome.ChromeDriver
Capabilities {acceptInsecureCerts: false, browserName: chrome, browserVersion: 100.0.4896.75, chrome: {chromedriverVersion: 100.0.4896.60 (6a5d10861ce8..., userDataDir: C:\Users\Dell\AppData\Local...}, goog:chromeOptions: {debuggerAddress: localhost:61202}, javascriptEnabled: true, networkConnectionEnabled: false, pageLoadStrategy: normal, platform: WINDOWS, platformName: WINDOWS, proxy: Proxy(), setWindowRect: true, strictFileInteractability: false, timeouts: {implicit: 0, pageLoad: 300000, script: 30000}, unhandledPromptBehavior: dismiss and notify, webauthn:extension:credBlob: true, webauthn:extension:largeBlob: true, webauthn:virtualAuthenticators: true}
Session ID: 3ba135a62ea2e99c978c76d96d3f6c82
*** Element info: {Using=xpath, value=//td[text()=&apos;ActivityLessthanXhoursInfoAlertCreated2579&apos;]/following-sibling::td/button[text()=&apos;Delete&apos;]}
	at org.openqa.selenium.remote.http.W3CHttpResponseCodec.createException(W3CHttpResponseCodec.java:187)
	at org.openqa.selenium.remote.http.W3CHttpResponseCodec.decode(W3CHttpResponseCodec.java:122)
	at org.openqa.selenium.remote.http.W3CHttpResponseCodec.decode(W3CHttpResponseCodec.java:49)
	at org.openqa.selenium.remote.HttpCommandExecutor.execute(HttpCommandExecutor.java:158)
	at org.openqa.selenium.remote.service.DriverCommandExecutor.execute(DriverCommandExecutor.java:83)
	at org.openqa.selenium.remote.RemoteWebDriver.execute(RemoteWebDriver.java:552)
	at org.openqa.selenium.remote.RemoteWebDriver.findElement(RemoteWebDriver.java:323)
	at org.openqa.selenium.remote.RemoteWebDriver.findElementByXPath(RemoteWebDriver.java:428)
	at org.openqa.selenium.By$ByXPath.findElement(By.java:353)
	at org.openqa.selenium.remote.RemoteWebDriver.findElement(RemoteWebDriver.java:315)
	at utility.DriverPage.clickOn(DriverPage.java:155)
	at pages.Admin_AlertsPage.deleteExistingAlert(Admin_AlertsPage.java:184)
	at tests.AdminAlertTest.testActivityLessthanXhoursInfoAlertCreated(AdminAlertTest.java:82)
	at java.util.concurrent.FutureTask.run(FutureTask.java:266)
	at java.util.concurrent.ThreadPoolExecutor.runWorker(ThreadPoolExecutor.java:1149)
	at java.util.concurrent.ThreadPoolExecutor$Worker.run(ThreadPoolExecutor.java:624)
	at java.lang.Thread.run(Thread.java:748)
... Removed 20 stack frames
</div> <!-- stack-trace -->
                </div> <!-- method-content -->
              </div> <!-- method -->
              <div class="method">
                <div class="method-content">
                  <a name="testActivityLessthanXhoursWarningAlertCreated">
                  </a> <!-- testActivityLessthanXhoursWarningAlertCreated -->
                  <span class="method-name">testActivityLessthanXhoursWarningAlertCreated</span>
                  <div class="stack-trace">org.openqa.selenium.NoSuchElementException: no such element: Unable to locate element: {&quot;method&quot;:&quot;xpath&quot;,&quot;selector&quot;:&quot;//td[text()=&apos;ActivityLessthanXhoursWarningAlertCreated2579&apos;]/following-sibling::td/button[text()=&apos;Delete&apos;]&quot;}
  (Session info: chrome=100.0.4896.75)
For documentation on this error, please visit: https://www.seleniumhq.org/exceptions/no_such_element.html
Build info: version: &apos;3.141.59&apos;, revision: &apos;e82be7d358&apos;, time: &apos;2018-11-14T08:17:03&apos;
System info: host: &apos;DESKTOP-B96ST24&apos;, ip: &apos;192.168.0.106&apos;, os.name: &apos;Windows 10&apos;, os.arch: &apos;amd64&apos;, os.version: &apos;10.0&apos;, java.version: &apos;1.8.0_202&apos;
Driver info: org.openqa.selenium.chrome.ChromeDriver
Capabilities {acceptInsecureCerts: false, browserName: chrome, browserVersion: 100.0.4896.75, chrome: {chromedriverVersion: 100.0.4896.60 (6a5d10861ce8..., userDataDir: C:\Users\Dell\AppData\Local...}, goog:chromeOptions: {debuggerAddress: localhost:61273}, javascriptEnabled: true, networkConnectionEnabled: false, pageLoadStrategy: normal, platform: WINDOWS, platformName: WINDOWS, proxy: Proxy(), setWindowRect: true, strictFileInteractability: false, timeouts: {implicit: 0, pageLoad: 300000, script: 30000}, unhandledPromptBehavior: dismiss and notify, webauthn:extension:credBlob: true, webauthn:extension:largeBlob: true, webauthn:virtualAuthenticators: true}
Session ID: b534e8c20b07038f55a5cff1fc332123
*** Element info: {Using=xpath, value=//td[text()=&apos;ActivityLessthanXhoursWarningAlertCreated2579&apos;]/following-sibling::td/button[text()=&apos;Delete&apos;]}
	at org.openqa.selenium.remote.http.W3CHttpResponseCodec.createException(W3CHttpResponseCodec.java:187)
	at org.openqa.selenium.remote.http.W3CHttpResponseCodec.decode(W3CHttpResponseCodec.java:122)
	at org.openqa.selenium.remote.http.W3CHttpResponseCodec.decode(W3CHttpResponseCodec.java:49)
	at org.openqa.selenium.remote.HttpCommandExecutor.execute(HttpCommandExecutor.java:158)
	at org.openqa.selenium.remote.service.DriverCommandExecutor.execute(DriverCommandExecutor.java:83)
	at org.openqa.selenium.remote.RemoteWebDriver.execute(RemoteWebDriver.java:552)
	at org.openqa.selenium.remote.RemoteWebDriver.findElement(RemoteWebDriver.java:323)
	at org.openqa.selenium.remote.RemoteWebDriver.findElementByXPath(RemoteWebDriver.java:428)
	at org.openqa.selenium.By$ByXPath.findElement(By.java:353)
	at org.openqa.selenium.remote.RemoteWebDriver.findElement(RemoteWebDriver.java:315)
	at utility.DriverPage.clickOn(DriverPage.java:155)
	at pages.Admin_AlertsPage.deleteExistingAlert(Admin_AlertsPage.java:184)
	at tests.AdminAlertTest.testActivityLessthanXhoursWarningAlertCreated(AdminAlertTest.java:127)
	at java.util.concurrent.FutureTask.run(FutureTask.java:266)
	at java.util.concurrent.ThreadPoolExecutor.runWorker(ThreadPoolExecutor.java:1149)
	at java.util.concurrent.ThreadPoolExecutor$Worker.run(ThreadPoolExecutor.java:624)
	at java.lang.Thread.run(Thread.java:748)
... Removed 20 stack frames
</div> <!-- stack-trace -->
                </div> <!-- method-content -->
              </div> <!-- method -->
            </div> <!-- main-panel-content rounded-window-bottom -->
          </div> <!-- suite-Smoke_Test-class-failed -->
          <div class="suite-Smoke_Test-class-passed">
            <div class="main-panel-header rounded-window-top">
              <img src="passed.png"/>
              <span class="class-name">tests.AdminAlertTest</span>
            </div> <!-- main-panel-header rounded-window-top -->
            <div class="main-panel-content rounded-window-bottom">
              <div class="method">
                <div class="method-content">
                  <a name="testUserIsAbleToFilterAlertWithNameContains">
                  </a> <!-- testUserIsAbleToFilterAlertWithNameContains -->
                  <span class="method-name">testUserIsAbleToFilterAlertWithNameContains</span>
                </div> <!-- method-content -->
              </div> <!-- method -->
            </div> <!-- main-panel-content rounded-window-bottom -->
          </div> <!-- suite-Smoke_Test-class-passed -->
        </div> <!-- panel Smoke_Test -->
        <div panel-name="test-xml-Smoke_Test" class="panel">
          <div class="main-panel-header rounded-window-top">
            <span class="header-content">C:\Users\Dell\Desktop\Arexdata\qa-automation-master\src\test\resources\testRun\SmokeTestSuite.xml</span>
          </div> <!-- main-panel-header rounded-window-top -->
          <div class="main-panel-content rounded-window-bottom">
            <pre>
&lt;?xml version=&quot;1.0&quot; encoding=&quot;UTF-8&quot;?&gt;
&lt;!DOCTYPE suite SYSTEM &quot;http://testng.org/testng-1.0.dtd&quot;&gt;
&lt;suite thread-count=&quot;1&quot; verbose=&quot;0&quot; name=&quot;Smoke Test&quot; parallel=&quot;tests&quot;&gt;
  &lt;listeners&gt;
    &lt;listener class-name=&quot;utility.TestNGCustomReportListener&quot;/&gt;
  &lt;/listeners&gt;
  &lt;groups&gt;
    &lt;run&gt;
      &lt;include name=&quot;SmokeTest&quot;/&gt;
    &lt;/run&gt;
  &lt;/groups&gt;
  &lt;test thread-count=&quot;1&quot; verbose=&quot;0&quot; name=&quot;Admin Alert Test&quot; parallel=&quot;tests&quot;&gt;
    &lt;classes&gt;
      &lt;class name=&quot;tests.AdminAlertTest&quot;/&gt;
    &lt;/classes&gt;
  &lt;/test&gt; &lt;!-- Admin Alert Test --&gt;
  &lt;test thread-count=&quot;1&quot; verbose=&quot;0&quot; name=&quot;Application Log&quot; parallel=&quot;tests&quot;&gt;
    &lt;classes&gt;
      &lt;class name=&quot;tests.ApplicationLogTest&quot;/&gt;
    &lt;/classes&gt;
  &lt;/test&gt; &lt;!-- Application Log --&gt;
  &lt;test thread-count=&quot;1&quot; verbose=&quot;0&quot; name=&quot;User Test&quot; parallel=&quot;tests&quot;&gt;
    &lt;classes&gt;
      &lt;class name=&quot;tests.Admin_UserTest&quot;/&gt;
    &lt;/classes&gt;
  &lt;/test&gt; &lt;!-- User Test --&gt;
  &lt;test thread-count=&quot;1&quot; verbose=&quot;0&quot; name=&quot;Enpoint Test&quot; parallel=&quot;tests&quot;&gt;
    &lt;classes&gt;
      &lt;class name=&quot;tests.Admin_Manage_EndpointTest&quot;/&gt;
    &lt;/classes&gt;
  &lt;/test&gt; &lt;!-- Enpoint Test --&gt;
&lt;/suite&gt; &lt;!-- Smoke Test --&gt;
            </pre>
          </div> <!-- main-panel-content rounded-window-bottom -->
        </div> <!-- panel -->
        <div panel-name="testlist-Smoke_Test" class="panel">
          <div class="main-panel-header rounded-window-top">
            <span class="header-content">Tests for Smoke Test</span>
          </div> <!-- main-panel-header rounded-window-top -->
          <div class="main-panel-content rounded-window-bottom">
            <ul>
              <li>
                <span class="test-name">Admin Alert Test (1 class)</span>
              </li>
              <li>
                <span class="test-name">Application Log (1 class)</span>
              </li>
              <li>
                <span class="test-name">User Test (1 class)</span>
              </li>
              <li>
                <span class="test-name">Enpoint Test (1 class)</span>
              </li>
            </ul>
          </div> <!-- main-panel-content rounded-window-bottom -->
        </div> <!-- panel -->
        <div panel-name="group-Smoke_Test" class="panel">
          <div class="main-panel-header rounded-window-top">
            <span class="header-content">Groups for Smoke Test</span>
          </div> <!-- main-panel-header rounded-window-top -->
          <div class="main-panel-content rounded-window-bottom">
            <div class="test-group">
              <span class="test-group-name">SmokeTest</span>
              <br/>
              <div class="method-in-group">
                <span class="method-in-group-name">testActivityLessthanXhoursCriticalAlertCreated</span>
                <br/>
              </div> <!-- method-in-group -->
              <div class="method-in-group">
                <span class="method-in-group-name">testActivityLessthanXhoursInfoAlertCreated</span>
                <br/>
              </div> <!-- method-in-group -->
              <div class="method-in-group">
                <span class="method-in-group-name">testActivityLessthanXhoursWarningAlertCreated</span>
                <br/>
              </div> <!-- method-in-group -->
              <div class="method-in-group">
                <span class="method-in-group-name">testApplicationLogIsCreatedForAlertCreated</span>
                <br/>
              </div> <!-- method-in-group -->
              <div class="method-in-group">
                <span class="method-in-group-name">testUserIsAbleToFilterAlertWithNameContains</span>
                <br/>
              </div> <!-- method-in-group -->
            </div> <!-- test-group -->
          </div> <!-- main-panel-content rounded-window-bottom -->
        </div> <!-- panel -->
        <div panel-name="times-Smoke_Test" class="panel">
          <div class="main-panel-header rounded-window-top">
            <span class="header-content">Times for Smoke Test</span>
          </div> <!-- main-panel-header rounded-window-top -->
          <div class="main-panel-content rounded-window-bottom">
            <div class="times-div">
              <script type="text/javascript">
suiteTableInitFunctions.push('tableData_Smoke_Test');
function tableData_Smoke_Test() {
var data = new google.visualization.DataTable();
data.addColumn('number', 'Number');
data.addColumn('string', 'Method');
data.addColumn('string', 'Class');
data.addColumn('number', 'Time (ms)');
data.addRows(5);
data.setCell(0, 0, 0)
data.setCell(0, 1, 'testApplicationLogIsCreatedForAlertCreated')
data.setCell(0, 2, 'tests.ApplicationLogTest')
data.setCell(0, 3, 69701);
data.setCell(1, 0, 1)
data.setCell(1, 1, 'testActivityLessthanXhoursCriticalAlertCreated')
data.setCell(1, 2, 'tests.AdminAlertTest')
data.setCell(1, 3, 59680);
data.setCell(2, 0, 2)
data.setCell(2, 1, 'testActivityLessthanXhoursInfoAlertCreated')
data.setCell(2, 2, 'tests.AdminAlertTest')
data.setCell(2, 3, 51876);
data.setCell(3, 0, 3)
data.setCell(3, 1, 'testActivityLessthanXhoursWarningAlertCreated')
data.setCell(3, 2, 'tests.AdminAlertTest')
data.setCell(3, 3, 51413);
data.setCell(4, 0, 4)
data.setCell(4, 1, 'testUserIsAbleToFilterAlertWithNameContains')
data.setCell(4, 2, 'tests.AdminAlertTest')
data.setCell(4, 3, 47275);
window.suiteTableData['Smoke_Test']= { tableData: data, tableDiv: 'times-div-Smoke_Test'}
return data;
}
              </script>
              <span class="suite-total-time">Total running time: 4 minutes</span>
              <div id="times-div-Smoke_Test">
              </div> <!-- times-div-Smoke_Test -->
            </div> <!-- times-div -->
          </div> <!-- main-panel-content rounded-window-bottom -->
        </div> <!-- panel -->
        <div panel-name="reporter-Smoke_Test" class="panel">
          <div class="main-panel-header rounded-window-top">
            <span class="header-content">Reporter output for Smoke Test</span>
          </div> <!-- main-panel-header rounded-window-top -->
          <div class="main-panel-content rounded-window-bottom">
            <div class="reporter-method-div">
              <span class="reporter-method-name">testActivityLessthanXhoursInfoAlertCreated</span>
              <div class="reporter-method-output-div">
                <span class="reporter-method-output"><a href= 'file://C:/Users/Dell/Desktop/Arexdata/qa-automation-master/screenshots/testActivityLessthanXhoursInfoAlertCreated2022-04-14.jpg'target='_blank' >testActivityLessthanXhoursInfoAlertCreated2022-04-14</a></span>
              </div> <!-- reporter-method-output-div -->
            </div> <!-- reporter-method-div -->
            <div class="reporter-method-div">
              <span class="reporter-method-name">testActivityLessthanXhoursCriticalAlertCreated</span>
              <div class="reporter-method-output-div">
                <span class="reporter-method-output"><a href= 'file://C:/Users/Dell/Desktop/Arexdata/qa-automation-master/screenshots/testActivityLessthanXhoursCriticalAlertCreated2022-04-14.jpg'target='_blank' >testActivityLessthanXhoursCriticalAlertCreated2022-04-14</a></span>
              </div> <!-- reporter-method-output-div -->
            </div> <!-- reporter-method-div -->
            <div class="reporter-method-div">
              <span class="reporter-method-name">testActivityLessthanXhoursWarningAlertCreated</span>
              <div class="reporter-method-output-div">
                <span class="reporter-method-output"><a href= 'file://C:/Users/Dell/Desktop/Arexdata/qa-automation-master/screenshots/testActivityLessthanXhoursWarningAlertCreated2022-04-14.jpg'target='_blank' >testActivityLessthanXhoursWarningAlertCreated2022-04-14</a></span>
              </div> <!-- reporter-method-output-div -->
            </div> <!-- reporter-method-div -->
            <div class="reporter-method-div">
              <span class="reporter-method-name">testApplicationLogIsCreatedForAlertCreated</span>
              <div class="reporter-method-output-div">
                <span class="reporter-method-output"><a href= 'file://C:/Users/Dell/Desktop/Arexdata/qa-automation-master/screenshots/testApplicationLogIsCreatedForAlertCreated2022-04-14.jpg'target='_blank' >testApplicationLogIsCreatedForAlertCreated2022-04-14</a></span>
              </div> <!-- reporter-method-output-div -->
            </div> <!-- reporter-method-div -->
          </div> <!-- main-panel-content rounded-window-bottom -->
        </div> <!-- panel -->
        <div panel-name="ignored-methods-Smoke_Test" class="panel">
          <div class="main-panel-header rounded-window-top">
            <span class="header-content">78 ignored methods</span>
          </div> <!-- main-panel-header rounded-window-top -->
          <div class="main-panel-content rounded-window-bottom">
            <div class="ignored-class-div">
              <span class="ignored-class-name">tests.ApplicationLogTest</span>
              <div class="ignored-methods-div">
                <span class="ignored-method-name">testApplicationLogIsCreatedForUserLogin</span>
                <br/>
                <span class="ignored-method-name">testApplicationLogIsCreatedForUserModified</span>
                <br/>
                <span class="ignored-method-name">testUserIsAbleExportAndDownloadPageEventsInSelectedFormatsByUser</span>
                <br/>
                <span class="ignored-method-name">testApplicationLogIsCreatedForAlertDeleted</span>
                <br/>
                <span class="ignored-method-name">testApplicationLogIsCreatedForUserCreated</span>
                <br/>
                <span class="ignored-method-name">testApplicationLogIsCreatedForAlertModified</span>
                <br/>
                <span class="ignored-method-name">testApplicationLogIsCreatedForFileAuditModified</span>
                <br/>
                <span class="ignored-method-name">testUserIsAbleToFilterApplicationLogWithUserContains</span>
                <br/>
                <span class="ignored-method-name">testApplicationLogIsCreatedForUserLoginFailed</span>
                <br/>
                <span class="ignored-method-name">testApplicationLogIsCreatedForPrintJobModified</span>
                <br/>
                <span class="ignored-method-name">testUserIsAbleToFilterApplicationLogWithObjectTypeUser</span>
                <br/>
                <span class="ignored-method-name">testUserIsAbleToFilterApplicationLogWithObjectContains</span>
                <br/>
                <span class="ignored-method-name">testUserIsAbleToFilterApplicationLogWithActionModified</span>
                <br/>
                <span class="ignored-method-name">testApplicationLogIsCreatedForUserDeleted</span>
                <br/>
              </div> <!-- ignored-methods-div -->
            </div> <!-- ignored-class-div -->
            <div class="ignored-class-div">
              <span class="ignored-class-name">tests.Admin_UserTest</span>
              <div class="ignored-methods-div">
                <span class="ignored-method-name">testUserisAbleToFilterByNameFieldWithContainsConditions</span>
                <br/>
                <span class="ignored-method-name">testUserIsAbleDisabledUserAndCrossSignDisplayedWithUser</span>
                <br/>
                <span class="ignored-method-name">testApplicationAllowToFilterUserByRoleCondition</span>
                <br/>
                <span class="ignored-method-name">testApplicationAllowsToCreateAUserWithManageUserRole</span>
                <br/>
                <span class="ignored-method-name">testUserIsNotAbleToLoginIntoApplicationWhenDisabledUserProfile</span>
                <br/>
                <span class="ignored-method-name">testApplicationAllowsToSetPassword</span>
                <br/>
                <span class="ignored-method-name">testPasswordComplexityRequirementsNotMet</span>
                <br/>
                <span class="ignored-method-name">testApplicationAllowsToCreateNewUserWithAdministrationRole</span>
                <br/>
                <span class="ignored-method-name">testUserIsNotAbleToLoginIntoApplicationWhenUserProfileIsDeleted</span>
                <br/>
                <span class="ignored-method-name">testApplicationAllowToFilterUserByEmailDropdownCondition</span>
                <br/>
              </div> <!-- ignored-methods-div -->
            </div> <!-- ignored-class-div -->
            <div class="ignored-class-div">
              <span class="ignored-class-name">tests.AdminAlertTest</span>
              <div class="ignored-methods-div">
                <span class="ignored-method-name">testCreateAnAlertOfFileOperationOnAgentsForRenamedOperation</span>
                <br/>
                <span class="ignored-method-name">testCreateAnAlertFileOperationOffice365ForModifiedOperation</span>
                <br/>
                <span class="ignored-method-name">testUserIsAbleToFilterAlertWithNameStartWith</span>
                <br/>
                <span class="ignored-method-name">testUserIsAbleToFilterAlertByNameTypeAndIntegration</span>
                <br/>
                <span class="ignored-method-name">testCreateAnAlertOfNetAppQaFileOperationOnIntegratorsForModifiedOperation</span>
                <br/>
                <span class="ignored-method-name">testUserIsAbleToFilterAlertEqualsToNetAppQAInIntegrators</span>
                <br/>
                <span class="ignored-method-name">testCreateAnAlertOfNetAppQaFileOperationOnIntegratorsForCreatedOperation</span>
                <br/>
                <span class="ignored-method-name">testCreateAnAlertOfFileOperationOnIntegratorWindowServerAgentasCreatedOperationAlert</span>
                <br/>
                <span class="ignored-method-name">testCreateAnAlertOfFileOperationOnAgentsForDeleteOperation</span>
                <br/>
                <span class="ignored-method-name">testUserIsAbleToFilterAlertBySeverityAsInfo</span>
                <br/>
                <span class="ignored-method-name">testUserIsAbleToFilterAlertByIntegrationNameActivityLessThanXHours</span>
                <br/>
                <span class="ignored-method-name">testNoItemsIsDisplayedWhenUserApplyFilterWithUnmatchedKeywordAndContainsConditionForIntegratorsFields</span>
                <br/>
                <span class="ignored-method-name">testUserIsAbleToFilterAlertByIntegrationNameFileOperationOnAgents</span>
                <br/>
                <span class="ignored-method-name">testUserIsAbleToFilterAlertContainsQAInIntegrators</span>
                <br/>
                <span class="ignored-method-name">testCreateAnAlertOfFileOperationOnAgentsForReadOperation</span>
                <br/>
                <span class="ignored-method-name">testCreateAnAlertFileOperationOffice365ForReadOperation</span>
                <br/>
                <span class="ignored-method-name">testUserIsAbleToGetResetDefaultValueWhenClickedOnClearButtonOnFilterPoUp</span>
                <br/>
                <span class="ignored-method-name">testUserIsAbleToFilterAlertWithNameEquals</span>
                <br/>
                <span class="ignored-method-name">testNoItemsIsDisplayedWhenUserApplyFilterWithnetaapKeywordAndStarWithConditionForIntegratorsFields</span>
                <br/>
                <span class="ignored-method-name">testCreateAnAlertFileOperationOffice365ForUploadedOperation</span>
                <br/>
                <span class="ignored-method-name">testCreateAnAlertOfNetAppQaFileOperationOnIntegratorsForReadOperation</span>
                <br/>
                <span class="ignored-method-name">testCreateAnAlertFileOperationOffice365ForDeletedOperation</span>
                <br/>
                <span class="ignored-method-name">testUserIsAbleToFilterAlertBySeverityAsWarning</span>
                <br/>
                <span class="ignored-method-name">testCreateAnAlertFileOperationOffice365ForRenamedOperation</span>
                <br/>
                <span class="ignored-method-name">testUserIsAbleToFilterAlertByNameWithContainAndIntegrationAsActivityLessThanXHours</span>
                <br/>
                <span class="ignored-method-name">testUserIsAbleToFilterAlertBySeverityAsCritical</span>
                <br/>
                <span class="ignored-method-name">testUserIsAbleToEditExistingAlert</span>
                <br/>
                <span class="ignored-method-name">testCreateAnAlertOfNetAppQaFileOperationOnIntegratorsForDeletedOperation</span>
                <br/>
                <span class="ignored-method-name">testNoItemsIsDisplayedWhenUserApplyFilterWithQAKeywordAndEqualsConditionForIntegratorsFields</span>
                <br/>
                <span class="ignored-method-name">testUserIsAbleToFilterAlertByIntegrationNameFileOperationOnIntegrators</span>
                <br/>
                <span class="ignored-method-name">testCreateAnAlertOfFileOperationOnIntegratorWindowServerAgentDeletedOperationAlert</span>
                <br/>
                <span class="ignored-method-name">testCreateAnAlertOfFileOperationOnIntegratorWindowServerAgentasReadOperationAlert</span>
                <br/>
                <span class="ignored-method-name">testUserIsAbleToFilterAlertByNameTypeIntegrationAndSeverity</span>
                <br/>
                <span class="ignored-method-name">testCreateAnAlertOfFileOperationOnIntegratorWindowServerAgentasModifiedOperationAlert</span>
                <br/>
                <span class="ignored-method-name">testCreateAnAlertOfFileOperationOnAgentsForCreatedOperation</span>
                <br/>
                <span class="ignored-method-name">testCreateAnAlertOfFileOperationOnAgentsForModifiedOperation</span>
                <br/>
              </div> <!-- ignored-methods-div -->
            </div> <!-- ignored-class-div -->
            <div class="ignored-class-div">
              <span class="ignored-class-name">tests.Admin_Manage_EndpointTest</span>
              <div class="ignored-methods-div">
                <span class="ignored-method-name">testUserAbleToFilterByPublicIPWithContainsCondition</span>
                <br/>
                <span class="ignored-method-name">testUserAbleToFilterByAliasNameWithStartWithCondition</span>
                <br/>
                <span class="ignored-method-name">testUserAbleToFilterByLOcalIPWithEqualsCondition</span>
                <br/>
                <span class="ignored-method-name">testUserAbleToNaviagateEnpointPage</span>
                <br/>
                <span class="ignored-method-name">testUserAbleToFilterByPublicIPWithStartWithCondition</span>
                <br/>
                <span class="ignored-method-name">testAllColumnHeaderNameShouldBeInDisplayInSameorderOfEndpointPage</span>
                <br/>
                <span class="ignored-method-name">testUserAbleToSortMachineListByClickingOnColumnHeaderName</span>
                <br/>
                <span class="ignored-method-name">testAllButtonFilterExportRefreshArePresentonTopLeftCornerOfEndpointPage</span>
                <br/>
                <span class="ignored-method-name">testUserAbleToFilterByMachineNameWithEqualsCondition</span>
                <br/>
                <span class="ignored-method-name">testUserAbleToFilterByMachineNameWithContainCondition</span>
                <br/>
                <span class="ignored-method-name">testWhenUserClickingOnCancelButtonFilterPouupClosedWithoutFilter</span>
                <br/>
                <span class="ignored-method-name">testUserAbleToFilterByAliasNameWithEqualCondition</span>
                <br/>
                <span class="ignored-method-name">testUserAbleToFilterByLOcalIPWithContainsCondition</span>
                <br/>
                <span class="ignored-method-name">testUserAbleToRefreshPageByClickingOnRefreshButton</span>
                <br/>
                <span class="ignored-method-name">testUserAbleToFilterByPublicIPWithEqualsCondition</span>
                <br/>
                <span class="ignored-method-name">testUserAbleToFilterByLOcalIPWithStartWithCondition</span>
                <br/>
                <span class="ignored-method-name">testWhenUserClickingOnClearButtonFilterValueResetToDefaultValue</span>
                <br/>
                <span class="ignored-method-name">testUserAbleToFilterByAliasNameWithContainsCondition</span>
                <br/>
              </div> <!-- ignored-methods-div -->
            </div> <!-- ignored-class-div -->
          </div> <!-- main-panel-content rounded-window-bottom -->
        </div> <!-- panel -->
        <div panel-name="chronological-Smoke_Test" class="panel">
          <div class="main-panel-header rounded-window-top">
            <span class="header-content">Methods in chronological order</span>
          </div> <!-- main-panel-header rounded-window-top -->
          <div class="main-panel-content rounded-window-bottom">
            <div class="chronological-class">
              <div class="chronological-class-name">tests.AdminAlertTest</div> <!-- chronological-class-name -->
              <div class="configuration-method before">
                <span class="method-name">initForAlerts</span>
                <span class="method-start">0 ms</span>
              </div> <!-- configuration-method before -->
              <div class="test-method">
                <img src="failed.png">
                </img>
                <span class="method-name">testActivityLessthanXhoursCriticalAlertCreated</span>
                <span class="method-start">47061 ms</span>
              </div> <!-- test-method -->
              <div class="configuration-method after">
                <span class="method-name">closeBrowser</span>
                <span class="method-start">108731 ms</span>
              </div> <!-- configuration-method after -->
              <div class="configuration-method before">
                <span class="method-name">initForAlerts</span>
                <span class="method-start">109550 ms</span>
              </div> <!-- configuration-method before -->
              <div class="test-method">
                <img src="failed.png">
                </img>
                <span class="method-name">testActivityLessthanXhoursInfoAlertCreated</span>
                <span class="method-start">144209 ms</span>
              </div> <!-- test-method -->
              <div class="configuration-method after">
                <span class="method-name">closeBrowser</span>
                <span class="method-start">197411 ms</span>
              </div> <!-- configuration-method after -->
              <div class="configuration-method before">
                <span class="method-name">initForAlerts</span>
                <span class="method-start">198191 ms</span>
              </div> <!-- configuration-method before -->
              <div class="test-method">
                <img src="failed.png">
                </img>
                <span class="method-name">testActivityLessthanXhoursWarningAlertCreated</span>
                <span class="method-start">232090 ms</span>
              </div> <!-- test-method -->
              <div class="configuration-method after">
                <span class="method-name">closeBrowser</span>
                <span class="method-start">284836 ms</span>
              </div> <!-- configuration-method after -->
              <div class="configuration-method before">
                <span class="method-name">initForAlerts</span>
                <span class="method-start">285589 ms</span>
              </div> <!-- configuration-method before -->
              <div class="test-method">
                <span class="method-name">testUserIsAbleToFilterAlertWithNameContains</span>
                <span class="method-start">320798 ms</span>
              </div> <!-- test-method -->
              <div class="configuration-method after">
                <span class="method-name">closeBrowser</span>
                <span class="method-start">369408 ms</span>
              </div> <!-- configuration-method after -->
            </div> <!-- chronological-class -->
            <div class="chronological-class">
              <div class="chronological-class-name">tests.ApplicationLogTest</div> <!-- chronological-class-name -->
              <div class="configuration-method before">
                <span class="method-name">initForAppLog</span>
                <span class="method-start">370364 ms</span>
              </div> <!-- configuration-method before -->
              <div class="test-method">
                <img src="failed.png">
                </img>
                <span class="method-name">testApplicationLogIsCreatedForAlertCreated</span>
                <span class="method-start">394213 ms</span>
              </div> <!-- test-method -->
              <div class="configuration-method after">
                <span class="method-name">closeBrowser</span>
                <span class="method-start">464973 ms</span>
              </div> <!-- configuration-method after -->
          </div> <!-- main-panel-content rounded-window-bottom -->
        </div> <!-- panel -->
      </div> <!-- main-panel-root -->
    </div> <!-- wrapper -->
  </body>
</html>
